<?xml version="1.0" encoding="UTF-8"?>
<!-- Generated by org.testng.reporters.JUnitXMLReporter -->
<testsuite ignored="0" hostname="VAMSHI" failures="0" tests="12" name="sampleTestCase" time="96.077" errors="0" timestamp="2025-04-14T23:51:46 IST">
  <testcase classname="com.newframework.saucelabs.logintestcases.loginwithValidCredentials" name="login" time="1.271"/>
  <testcase classname="com.newframework.saucelabs.logintestcases.invalidLogin" name="invalidLogin" time="10.257"/>
  <testcase classname="com.newframework.saucelabs.logintestcases.loginwithEmptyFields" name="loginwithoutCredentials" time="0.929"/>
  <testcase classname="com.newframework.saucelabs.logintestcases.loginwithOnlyUsername" name="usernameOnly" time="1.014"/>
  <testcase classname="com.newframework.saucelabs.logintestcases.loginwithOnlyPwd" name="pwdOnly" time="2.162"/>
  <testcase classname="com.newframework.saucelabs.inventoryTestcases.productListCount" name="validateProductListCount" time="0.117"/>
  <testcase classname="com.newframework.saucelabs.inventoryTestcases.productDetails" name="verifyProductDetails" time="0.523"/>
  <testcase classname="com.newframework.saucelabs.inventoryTestcases.sortLowToHigh" name="sortLowtoHigh" time="0.312"/>
  <testcase classname="com.newframework.saucelabs.inventoryTestcases.sortHighToLow" name="sortHighToLow" time="0.35"/>
  <testcase classname="com.newframework.saucelabs.inventoryTestcases.sortAtoZ" name="sortingAtoZ" time="0.34"/>
  <testcase classname="com.newframework.saucelabs.inventoryTestcases.sortZtoA" name="sortZToA" time="0.354"/>
  <testcase classname="com.newframework.saucelabs.inventoryTestcases.addtoCart" name="addToCart" time="0.164"/>
</testsuite> <!-- sampleTestCase -->
