<?xml version="1.0" encoding="UTF-8"?>
<!-- Generated by org.testng.reporters.JUnitXMLReporter -->
<testsuite ignored="0" hostname="VAMSHI" failures="0" tests="14" name="saucelabsTestCase" time="125.613" errors="0" timestamp="2025-04-17T20:40:05 IST">
  <testcase classname="com.newframework.saucelabs.logintestcases.loginwithValidCredentials" name="login" time="1.067"/>
  <testcase classname="com.newframework.saucelabs.logintestcases.invalidLogin" name="invalidLogin" time="10.303"/>
  <testcase classname="com.newframework.saucelabs.logintestcases.loginwithEmptyFields" name="loginwithoutCredentials" time="1.419"/>
  <testcase classname="com.newframework.saucelabs.logintestcases.loginwithOnlyUsername" name="usernameOnly" time="1.23"/>
  <testcase classname="com.newframework.saucelabs.logintestcases.loginwithOnlyPwd" name="pwdOnly" time="1.048"/>
  <testcase classname="com.newframework.saucelabs.inventoryTestcases.productListCount" name="validateProductListCount" time="0.139"/>
  <testcase classname="com.newframework.saucelabs.inventoryTestcases.productDetails" name="verifyProductDetails" time="0.455"/>
  <testcase classname="com.newframework.saucelabs.inventoryTestcases.sortLowToHigh" name="sortLowtoHigh" time="0.296"/>
  <testcase classname="com.newframework.saucelabs.inventoryTestcases.sortHighToLow" name="sortHighToLow" time="0.269"/>
  <testcase classname="com.newframework.saucelabs.inventoryTestcases.sortAtoZ" name="sortingAtoZ" time="0.363"/>
  <testcase classname="com.newframework.saucelabs.inventoryTestcases.sortZtoA" name="sortZToA" time="0.358"/>
  <testcase classname="com.newframework.saucelabs.inventoryTestcases.addtoCart" name="addToCart" time="0.205"/>
  <testcase classname="com.newframework.saucelabs.inventoryTestcases.addMultipleProducts" name="addMultipleProductsToCart" time="9.596"/>
  <testcase classname="com.newframework.saucelabs.inventoryTestcases.removeProductFromCart" name="removeProduct" time="3.37"/>
</testsuite> <!-- saucelabsTestCase -->
