<?xml version="1.0" encoding="UTF-8"?>
<!-- Generated by org.testng.reporters.JUnitXMLReporter -->
<testsuite ignored="0" hostname="VAMSHI" failures="0" tests="4" name="cartSaucelabs" time="49.392" errors="0" timestamp="2025-04-26T22:25:24 IST">
  <testcase classname="com.newframework.saucelabs.cartTestcases.navigateToCart" name="navToCart" time="0.168"/>
  <testcase classname="com.newframework.saucelabs.cartTestcases.backToInventory" name="toContinueShopping" time="3.292"/>
  <testcase classname="com.newframework.saucelabs.cartTestcases.removeItemsInCart" name="removeItemsInCart" time="6.412"/>
  <testcase classname="com.newframework.saucelabs.cartTestcases.checkOut" name="verifyCheckOut" time="6.376"/>
</testsuite> <!-- cartSaucelabs -->
