<?xml version="1.0" encoding="UTF-8"?>
<!-- Generated by org.testng.reporters.JUnitXMLReporter -->
<testsuite ignored="0" hostname="VAMSHI" failures="0" tests="4" name="cartSaucelabs" time="54.321" errors="0" timestamp="2025-04-22T16:28:03 IST">
  <testcase classname="com.newframework.saucelabs.cartTestcases.navigateToCart" name="navToCart" time="0.275"/>
  <testcase classname="com.newframework.saucelabs.cartTestcases.backToInventory" name="toContinueShopping" time="3.34"/>
  <testcase classname="com.newframework.saucelabs.cartTestcases.removeItemsInCart" name="removeItemsInCart" time="6.611"/>
  <testcase classname="com.newframework.saucelabs.cartTestcases.checkOut" name="verifyCheckOut" time="6.689"/>
</testsuite> <!-- cartSaucelabs -->
