<?xml version="1.0" encoding="UTF-8"?>
<!-- Generated by org.testng.reporters.JUnitXMLReporter -->
<testsuite ignored="0" hostname="VAMSHI" failures="0" tests="6" name="checkoutSaucelabs" time="94.097" errors="0" timestamp="2025-04-26T21:58:40 IST">
  <testcase classname="com.newframework.saucelabs.checkOutFlow.checkOutWithValidData" name="verifyCheckOutwitValidData" time="10.494"/>
  <testcase classname="com.newframework.saucelabs.checkOutFlow.firstNameErrorMssg" name="verifyFirstNameErrorMssg" time="0.54"/>
  <testcase classname="com.newframework.saucelabs.checkOutFlow.lastNameErrorMssg" name="verifyLastNameErrorMssg" time="0.545"/>
  <testcase classname="com.newframework.saucelabs.checkOutFlow.zipCodeErrorMssg" name="verifyCheckOutwitValidData" time="9.972"/>
  <testcase classname="com.newframework.saucelabs.checkOutFlow.finalCheckOut" name="verifyCheckOutwitValidData" time="10.309"/>
  <testcase classname="com.newframework.saucelabs.checkOutFlow.cancelOrder" name="verifyCheckOutwitValidData" time="10.106"/>
</testsuite> <!-- checkoutSaucelabs -->
