<?xml version="1.0" encoding="UTF-8"?>
<!-- Generated by org.testng.reporters.JUnitXMLReporter -->
<testsuite ignored="0" hostname="VAMSHI" failures="0" tests="5" name="loginTestCases" time="35.953" errors="0" timestamp="2025-04-15T11:48:24 IST">
  <testcase classname="com.newframework.saucelabs.logintestcases.loginwithValidCredentials" name="login" time="1.054"/>
  <testcase classname="com.newframework.saucelabs.logintestcases.invalidLogin" name="invalidLogin" time="10.129"/>
  <testcase classname="com.newframework.saucelabs.logintestcases.loginwithEmptyFields" name="loginwithoutCredentials" time="0.83"/>
  <testcase classname="com.newframework.saucelabs.logintestcases.loginwithOnlyUsername" name="usernameOnly" time="0.908"/>
  <testcase classname="com.newframework.saucelabs.logintestcases.loginwithOnlyPwd" name="pwdOnly" time="0.934"/>
</testsuite> <!-- loginTestCases -->
