<?xml version="1.0" encoding="UTF-8"?>
<!-- Generated by org.testng.reporters.JUnitXMLReporter -->
<testsuite ignored="0" hostname="VAMSHI" failures="0" tests="9" name="inventorySaucelabs" time="96.09" errors="0" timestamp="2025-04-25T14:58:18 IST">
  <testcase classname="com.newframework.saucelabs.inventoryTestcases.productListCount" name="validateProductListCount" time="0.133"/>
  <testcase classname="com.newframework.saucelabs.inventoryTestcases.productDetails" name="verifyProductDetails" time="0.879"/>
  <testcase classname="com.newframework.saucelabs.inventoryTestcases.sortLowToHigh" name="sortLowtoHigh" time="0.431"/>
  <testcase classname="com.newframework.saucelabs.inventoryTestcases.sortHighToLow" name="sortHighToLow" time="0.348"/>
  <testcase classname="com.newframework.saucelabs.inventoryTestcases.sortAtoZ" name="sortingAtoZ" time="0.357"/>
  <testcase classname="com.newframework.saucelabs.inventoryTestcases.sortZtoA" name="sortZToA" time="0.395"/>
  <testcase classname="com.newframework.saucelabs.inventoryTestcases.addtoCart" name="addToCart" time="0.3"/>
  <testcase classname="com.newframework.saucelabs.inventoryTestcases.addMultipleProducts" name="addMultipleProductsToCart" time="9.52"/>
  <testcase classname="com.newframework.saucelabs.inventoryTestcases.removeProductFromCart" name="removeProduct" time="3.316"/>
</testsuite> <!-- inventorySaucelabs -->
