<?xml version="1.0" encoding="UTF-8"?>
<!-- Generated by org.testng.reporters.JUnitXMLReporter -->
<testsuite ignored="0" hostname="VAMSHI" failures="0" tests="9" name="inventorySaucelabs" time="90.431" errors="0" timestamp="2025-04-17T20:33:12 IST">
  <testcase classname="com.newframework.saucelabs.inventoryTestcases.productListCount" name="validateProductListCount" time="0.115"/>
  <testcase classname="com.newframework.saucelabs.inventoryTestcases.productDetails" name="verifyProductDetails" time="0.913"/>
  <testcase classname="com.newframework.saucelabs.inventoryTestcases.sortLowToHigh" name="sortLowtoHigh" time="0.381"/>
  <testcase classname="com.newframework.saucelabs.inventoryTestcases.sortHighToLow" name="sortHighToLow" time="0.447"/>
  <testcase classname="com.newframework.saucelabs.inventoryTestcases.sortAtoZ" name="sortingAtoZ" time="0.297"/>
  <testcase classname="com.newframework.saucelabs.inventoryTestcases.sortZtoA" name="sortZToA" time="0.315"/>
  <testcase classname="com.newframework.saucelabs.inventoryTestcases.addtoCart" name="addToCart" time="0.305"/>
  <testcase classname="com.newframework.saucelabs.inventoryTestcases.addMultipleProducts" name="addMultipleProductsToCart" time="9.598"/>
  <testcase classname="com.newframework.saucelabs.inventoryTestcases.removeProductFromCart" name="removeProduct" time="3.389"/>
</testsuite> <!-- inventorySaucelabs -->
