<?xml version="1.0" encoding="UTF-8"?>
<!-- Generated by org.testng.reporters.JUnitXMLReporter -->
<testsuite ignored="0" hostname="VAMSHI" failures="0" tests="7" name="inventory" time="60.113" errors="0" timestamp="2025-04-14T23:48:17 IST">
  <testcase classname="com.newframework.saucelabs.inventoryTestcases.productListCount" name="validateProductListCount" time="0.125"/>
  <testcase classname="com.newframework.saucelabs.inventoryTestcases.productDetails" name="verifyProductDetails" time="0.988"/>
  <testcase classname="com.newframework.saucelabs.inventoryTestcases.sortLowToHigh" name="sortLowtoHigh" time="0.453"/>
  <testcase classname="com.newframework.saucelabs.inventoryTestcases.sortHighToLow" name="sortHighToLow" time="0.273"/>
  <testcase classname="com.newframework.saucelabs.inventoryTestcases.sortAtoZ" name="sortingAtoZ" time="0.297"/>
  <testcase classname="com.newframework.saucelabs.inventoryTestcases.sortZtoA" name="sortZToA" time="0.328"/>
  <testcase classname="com.newframework.saucelabs.inventoryTestcases.addtoCart" name="addToCart" time="0.224"/>
</testsuite> <!-- inventory -->
